<?xml version="1.0" encoding="UTF-8"?>
<!-- Generated by org.testng.reporters.JUnitXMLReporter -->
<testsuite ignored="0" hostname="vishanths-MacBook-Pro.local" failures="5" tests="9" name="Default test" time="1.026" errors="0" timestamp="10 Aug 2023 17:42:58 GMT">
  <testcase classname="cucumber.api.testng.AbstractTestNGCucumberTests" name="runScenario" time="0.13"/>
  <testcase classname="cucumber.api.testng.AbstractTestNGCucumberTests" name="runScenario" time="0.004"/>
  <testcase classname="cucumber.api.testng.AbstractTestNGCucumberTests" name="runScenario" time="0.004"/>
  <testcase classname="cucumber.api.testng.AbstractTestNGCucumberTests" name="runScenario" time="0.003"/>
  <testcase classname="cucumber.api.testng.AbstractTestNGCucumberTests" name="runScenario" time="0.012">
    <failure type="java.lang.IllegalArgumentException" message="Speak in Mars language, please!">
      <![CDATA[java.lang.IllegalArgumentException: Speak in Mars language, please!
at marsrover.Rover.process(Rover.java:61)
at marsrover.Rover.process(Rover.java:49)
at stepDefinitions.RoverPositioningSteps.theRoverMovesWithThe(RoverPositioningSteps.java:41)
at ✽.the rover receive with the "<command>"(src/test/java/features/roverPositioning.feature:33)
]]>
    </failure>
  </testcase> <!-- runScenario -->
  <testcase classname="cucumber.api.testng.AbstractTestNGCucumberTests" name="runScenario" time="0.007">
    <failure type="java.lang.IllegalArgumentException" message="Speak in Mars language, please!">
      <![CDATA[java.lang.IllegalArgumentException: Speak in Mars language, please!
at marsrover.Rover.process(Rover.java:61)
at marsrover.Rover.process(Rover.java:49)
at stepDefinitions.RoverPositioningSteps.theRoverMovesWithThe(RoverPositioningSteps.java:41)
at ✽.the rover receive with the "<command>"(src/test/java/features/roverPositioning.feature:33)
]]>
    </failure>
  </testcase> <!-- runScenario -->
  <testcase classname="cucumber.api.testng.AbstractTestNGCucumberTests" name="runScenario" time="0.005">
    <failure type="java.lang.IllegalArgumentException" message="Speak in Mars language, please!">
      <![CDATA[java.lang.IllegalArgumentException: Speak in Mars language, please!
at marsrover.Rover.process(Rover.java:61)
at marsrover.Rover.process(Rover.java:49)
at stepDefinitions.RoverPositioningSteps.theRoverMovesWithThe(RoverPositioningSteps.java:41)
at ✽.the rover receive with the "<command>"(src/test/java/features/roverPositioning.feature:44)
]]>
    </failure>
  </testcase> <!-- runScenario -->
  <testcase classname="cucumber.api.testng.AbstractTestNGCucumberTests" name="runScenario" time="0.009">
    <failure type="java.lang.IllegalArgumentException" message="Speak in Mars language, please!">
      <![CDATA[java.lang.IllegalArgumentException: Speak in Mars language, please!
at marsrover.Rover.process(Rover.java:61)
at marsrover.Rover.process(Rover.java:49)
at stepDefinitions.RoverPositioningSteps.theRoverMovesWithThe(RoverPositioningSteps.java:41)
at ✽.the rover receive with the "<command>"(src/test/java/features/roverPositioning.feature:44)
]]>
    </failure>
  </testcase> <!-- runScenario -->
  <testcase classname="cucumber.api.testng.AbstractTestNGCucumberTests" name="runScenario" time="0.004">
    <failure type="java.lang.IllegalArgumentException" message="Speak in Mars language, please!">
      <![CDATA[java.lang.IllegalArgumentException: Speak in Mars language, please!
at marsrover.Rover.process(Rover.java:61)
at marsrover.Rover.process(Rover.java:49)
at stepDefinitions.RoverPositioningSteps.theRoverMovesWithThe(RoverPositioningSteps.java:41)
at ✽.the rover receive with the "<command>"(src/test/java/features/roverPositioning.feature:44)
]]>
    </failure>
  </testcase> <!-- runScenario -->
</testsuite> <!-- Default test -->
